HelloFacebookSample/build/outputs/logs/manifest-merger-debug-report.txt
-- Merging decision tree log ---
manifest
ADDED from HelloFacebookSample\AndroidManifest.xml:22:1-56:12
	xmlns:android
		ADDED from HelloFacebookSample\AndroidManifest.xml:22:11-69
	package
		ADDED from HelloFacebookSample\AndroidManifest.xml:23:11-46
	android:versionName
		ADDED from HelloFacebookSample\AndroidManifest.xml:25:11-36
		INJECTED from HelloFacebookSample\AndroidManifest.xml
		INJECTED from HelloFacebookSample\AndroidManifest.xml
	android:versionCode
		ADDED from HelloFacebookSample\AndroidManifest.xml:24:11-34
		INJECTED from HelloFacebookSample\AndroidManifest.xml
		INJECTED from HelloFacebookSample\AndroidManifest.xml
uses-permission#android.permission.INTERNET
ADDED from HelloFacebookSample\AndroidManifest.xml:26:5-66
	android:name
		ADDED from HelloFacebookSample\AndroidManifest.xml:26:22-64
uses-permission#android.permission.WRITE_EXTERNAL_STORAGE
ADDED from HelloFacebookSample\AndroidManifest.xml:27:5-80
	android:name
		ADDED from HelloFacebookSample\AndroidManifest.xml:27:22-78
application
ADDED from HelloFacebookSample\AndroidManifest.xml:28:5-55:19
MERGED from [com.facebook.android:facebook-android-sdk:4.11.0] AndroidManifest.xml:28:5-20
MERGED from [com.android.support:support-v4:23.2.1] AndroidManifest.xml:22:5-20
MERGED from [com.android.support:cardview-v7:23.2.1] AndroidManifest.xml:22:5-20
MERGED from [com.android.support:customtabs:23.2.1] AndroidManifest.xml:22:5-20
MERGED from [com.android.support:support-v4:23.2.1] AndroidManifest.xml:22:5-20
	android:label
		ADDED from HelloFacebookSample\AndroidManifest.xml:28:18-50
	android:icon
		ADDED from HelloFacebookSample\AndroidManifest.xml:29:18-47
	android:theme
		ADDED from HelloFacebookSample\AndroidManifest.xml:30:18-65
activity#com.example.hellofacebook.HelloFacebookSampleActivity
ADDED from HelloFacebookSample\AndroidManifest.xml:32:9-39:20
	android:windowSoftInputMode
		ADDED from HelloFacebookSample\AndroidManifest.xml:34:19-61
	android:label
		ADDED from HelloFacebookSample\AndroidManifest.xml:33:19-51
	android:name
		ADDED from HelloFacebookSample\AndroidManifest.xml:32:19-62
intent-filter#android.intent.action.MAIN+android.intent.category.LAUNCHER
ADDED from HelloFacebookSample\AndroidManifest.xml:35:13-38:29
action#android.intent.action.MAIN
ADDED from HelloFacebookSample\AndroidManifest.xml:36:17-68
	android:name
		ADDED from HelloFacebookSample\AndroidManifest.xml:36:25-66
category#android.intent.category.LAUNCHER
ADDED from HelloFacebookSample\AndroidManifest.xml:37:17-76
	android:name
		ADDED from HelloFacebookSample\AndroidManifest.xml:37:27-74
activity#com.facebook.FacebookActivity
ADDED from HelloFacebookSample\AndroidManifest.xml:40:9-43:54
	android:label
		ADDED from HelloFacebookSample\AndroidManifest.xml:43:19-51
	android:configChanges
		ADDED from HelloFacebookSample\AndroidManifest.xml:41:19-102
	android:theme
		ADDED from HelloFacebookSample\AndroidManifest.xml:42:19-78
	android:name
		ADDED from HelloFacebookSample\AndroidManifest.xml:40:19-63
meta-data#com.facebook.sdk.ApplicationId
ADDED from HelloFacebookSample\AndroidManifest.xml:44:9-98
	android:name
		ADDED from HelloFacebookSample\AndroidManifest.xml:44:20-65
	android:value
		ADDED from HelloFacebookSample\AndroidManifest.xml:44:66-96
meta-data#com.facebook.sdk.ApplicationName
ADDED from HelloFacebookSample\AndroidManifest.xml:45:9-46:64
	android:name
		ADDED from HelloFacebookSample\AndroidManifest.xml:45:20-67
	android:value
		ADDED from HelloFacebookSample\AndroidManifest.xml:46:20-61
provider#com.facebook.FacebookContentProvider
ADDED from HelloFacebookSample\AndroidManifest.xml:47:9-49:44
	android:exported
		ADDED from HelloFacebookSample\AndroidManifest.xml:49:19-42
	android:authorities
		ADDED from HelloFacebookSample\AndroidManifest.xml:47:19-96
	android:name
		ADDED from HelloFacebookSample\AndroidManifest.xml:48:19-70
receiver#com.example.hellofacebook.HelloFacebookBroadcastReceiver
ADDED from HelloFacebookSample\AndroidManifest.xml:50:9-54:20
	android:name
		ADDED from HelloFacebookSample\AndroidManifest.xml:50:19-90
intent-filter#com.facebook.platform.AppCallResultBroadcast
ADDED from HelloFacebookSample\AndroidManifest.xml:51:13-53:29
action#com.facebook.platform.AppCallResultBroadcast
ADDED from HelloFacebookSample\AndroidManifest.xml:52:17-87
	android:name
		ADDED from HelloFacebookSample\AndroidManifest.xml:52:25-84
uses-sdk
INJECTED from HelloFacebookSample\AndroidManifest.xml reason: use-sdk injection requested
MERGED from [com.facebook.android:facebook-android-sdk:4.11.0] AndroidManifest.xml:24:5-26:41
MERGED from [com.android.support:support-v4:23.2.1] AndroidManifest.xml:20:5-43
MERGED from [com.android.support:cardview-v7:23.2.1] AndroidManifest.xml:20:5-43
MERGED from [com.android.support:customtabs:23.2.1] AndroidManifest.xml:20:5-44
MERGED from [com.android.support:support-v4:23.2.1] AndroidManifest.xml:20:5-43
	android:targetSdkVersion
		INJECTED from HelloFacebookSample\AndroidManifest.xml
		INJECTED from HelloFacebookSample\AndroidManifest.xml
	android:minSdkVersion
		INJECTED from HelloFacebookSample\AndroidManifest.xml
		INJECTED from HelloFacebookSample\AndroidManifest.xml